<?xml version="1.0" encoding="UTF-8"?>
<testsuite name="ejercicio3Test" tests="1" skipped="0" failures="0" errors="0" timestamp="2022-10-11T10:16:35" hostname="DESKTOP-LK0D4CU" time="0.033">
  <properties/>
  <testcase name="resta numeros negativos()" classname="ejercicio3Test" time="0.033"/>
  <system-out><![CDATA[]]></system-out>
  <system-err><![CDATA[]]></system-err>
</testsuite>
