<?xml version="1.0" encoding="UTF-8"?>
<testsuite name="ejercicio4Test" tests="1" skipped="0" failures="0" errors="0" timestamp="2022-10-14T11:26:31" hostname="DESKTOP-LK0D4CU" time="1.747">
  <properties/>
  <testcase name="test suma mockito()" classname="ejercicio4Test" time="1.747"/>
  <system-out><![CDATA[]]></system-out>
  <system-err><![CDATA[]]></system-err>
</testsuite>
