<?xml version="1.0" encoding="UTF-8"?>
<testsuite name="Ejercicio2Test" tests="6" skipped="0" failures="0" errors="0" timestamp="2022-10-07T10:13:58" hostname="DESKTOP-LK0D4CU" time="0.041">
  <properties/>
  <testcase name="crear bici con algun elemento null()" classname="Ejercicio2Test" time="0.028"/>
  <testcase name="crear coche con todos los elementos()" classname="Ejercicio2Test" time="0.004"/>
  <testcase name="crear moto con todos los elementos()" classname="Ejercicio2Test" time="0.002"/>
  <testcase name="crear bici con todos los elementos()" classname="Ejercicio2Test" time="0.001"/>
  <testcase name="crear coche con algun elemento null()" classname="Ejercicio2Test" time="0.001"/>
  <testcase name="crear moto con algun elemento null()" classname="Ejercicio2Test" time="0.001"/>
  <system-out><![CDATA[]]></system-out>
  <system-err><![CDATA[]]></system-err>
</testsuite>
